
image:     file format elf32-lm32

Sections:
Idx Name          Size      VMA       LMA       File off  Algn
  0 .text         000004d0  00000000  00000000  00000054  2**2
                  CONTENTS, ALLOC, LOAD, CODE
  1 .rodata       00000004  000004d0  000004d0  00000524  2**2
                  CONTENTS, ALLOC, LOAD, READONLY, DATA
  2 .data         00000010  000004d4  000004d4  00000528  2**2
                  CONTENTS, ALLOC, LOAD, DATA
  3 .bss          00000084  000004e4  000004e4  00000538  2**2
                  ALLOC
  4 .debug_abbrev 00000235  00000000  00000000  00000538  2**0
                  CONTENTS, READONLY, DEBUGGING
  5 .debug_info   0000059f  00000000  00000000  0000076d  2**0
                  CONTENTS, READONLY, DEBUGGING
  6 .debug_line   0000039d  00000000  00000000  00000d0c  2**0
                  CONTENTS, READONLY, DEBUGGING
  7 .debug_frame  00000110  00000000  00000000  000010ac  2**2
                  CONTENTS, READONLY, DEBUGGING
  8 .debug_pubnames 00000138  00000000  00000000  000011bc  2**0
                  CONTENTS, READONLY, DEBUGGING
  9 .debug_pubtypes 00000083  00000000  00000000  000012f4  2**0
                  CONTENTS, READONLY, DEBUGGING
 10 .debug_aranges 00000040  00000000  00000000  00001377  2**0
                  CONTENTS, READONLY, DEBUGGING
 11 .debug_str    000001a1  00000000  00000000  000013b7  2**0
                  CONTENTS, READONLY, DEBUGGING
 12 .comment      00000011  00000000  00000000  00001558  2**0
                  CONTENTS, READONLY
 13 .debug_loc    000000fc  00000000  00000000  00001569  2**0
                  CONTENTS, READONLY, DEBUGGING
 14 .debug_ranges 00000018  00000000  00000000  00001665  2**0
                  CONTENTS, READONLY, DEBUGGING

Disassembly of section .text:

00000000 <_ftext>:
   0:	98 00 00 00 	xor r0,r0,r0
   4:	d0 00 00 00 	wcsr IE,r0
   8:	78 01 00 00 	mvhi r1,0x0
   c:	38 21 00 00 	ori r1,r1,0x0
  10:	d0 e1 00 00 	wcsr EBA,r1
  14:	f8 00 00 3b 	calli 100 <_crt0>
  18:	34 00 00 00 	nop
  1c:	34 00 00 00 	nop

00000020 <_breakpoint_handler>:
  20:	34 00 00 00 	nop
  24:	34 00 00 00 	nop
  28:	34 00 00 00 	nop
  2c:	34 00 00 00 	nop
  30:	34 00 00 00 	nop
  34:	34 00 00 00 	nop
  38:	34 00 00 00 	nop
  3c:	34 00 00 00 	nop

00000040 <_ibuserror_handler>:
  40:	34 00 00 00 	nop
  44:	34 00 00 00 	nop
  48:	34 00 00 00 	nop
  4c:	34 00 00 00 	nop
  50:	34 00 00 00 	nop
  54:	34 00 00 00 	nop
  58:	34 00 00 00 	nop
  5c:	34 00 00 00 	nop

00000060 <_watchpoint_handler>:
  60:	34 00 00 00 	nop
  64:	34 00 00 00 	nop
  68:	34 00 00 00 	nop
  6c:	34 00 00 00 	nop
  70:	34 00 00 00 	nop
  74:	34 00 00 00 	nop
  78:	34 00 00 00 	nop
  7c:	34 00 00 00 	nop

00000080 <_dbuserror_handler>:
  80:	34 00 00 00 	nop
  84:	34 00 00 00 	nop
  88:	34 00 00 00 	nop
  8c:	34 00 00 00 	nop
  90:	34 00 00 00 	nop
  94:	34 00 00 00 	nop
  98:	34 00 00 00 	nop
  9c:	34 00 00 00 	nop

000000a0 <_divzero_handler>:
  a0:	34 00 00 00 	nop
  a4:	34 00 00 00 	nop
  a8:	34 00 00 00 	nop
  ac:	34 00 00 00 	nop
  b0:	34 00 00 00 	nop
  b4:	34 00 00 00 	nop
  b8:	34 00 00 00 	nop
  bc:	34 00 00 00 	nop

000000c0 <_interrupt_handler>:
  c0:	5b 9d 00 00 	sw (sp+0),ra
  c4:	f8 00 00 2b 	calli 170 <_save_all>
  c8:	90 40 08 00 	rcsr r1,IP
  cc:	f8 00 00 85 	calli 2e0 <irq_handler>
  d0:	78 01 ff ff 	mvhi r1,0xffff
  d4:	38 21 ff ff 	ori r1,r1,0xffff
  d8:	d0 41 00 00 	wcsr IP,r1
  dc:	e0 00 00 38 	bi 1bc <_restore_all_and_eret>

000000e0 <_scall_handler>:
  e0:	34 00 00 00 	nop
  e4:	34 00 00 00 	nop
  e8:	34 00 00 00 	nop
  ec:	34 00 00 00 	nop
  f0:	34 00 00 00 	nop
  f4:	34 00 00 00 	nop
  f8:	34 00 00 00 	nop
  fc:	34 00 00 00 	nop

00000100 <_crt0>:
 100:	78 1c 00 00 	mvhi sp,0x0
 104:	3b 9c 0f fc 	ori sp,sp,0xffc
 108:	78 1a 00 00 	mvhi gp,0x0
 10c:	3b 5a 04 f0 	ori gp,gp,0x4f0
 110:	78 01 00 00 	mvhi r1,0x0
 114:	38 21 04 e4 	ori r1,r1,0x4e4
 118:	78 03 00 00 	mvhi r3,0x0
 11c:	38 63 05 68 	ori r3,r3,0x568

00000120 <.clearBSS>:
 120:	44 23 00 04 	be r1,r3,130 <.callMain>
 124:	58 20 00 00 	sw (r1+0),r0
 128:	34 21 00 04 	addi r1,r1,4
 12c:	e3 ff ff fd 	bi 120 <.clearBSS>

00000130 <.callMain>:
 130:	34 01 00 00 	mvi r1,0
 134:	34 02 00 00 	mvi r2,0
 138:	34 03 00 00 	mvi r3,0
 13c:	f8 00 00 33 	calli 208 <main>

00000140 <irq_enable>:
 140:	34 01 00 01 	mvi r1,1
 144:	d0 01 00 00 	wcsr IE,r1
 148:	c3 a0 00 00 	ret

0000014c <irq_disable>:
 14c:	34 01 00 00 	mvi r1,0
 150:	d0 01 00 00 	wcsr IE,r1
 154:	c3 a0 00 00 	ret

00000158 <irq_set_mask>:
 158:	d0 21 00 00 	wcsr IM,r1
 15c:	c3 a0 00 00 	ret

00000160 <irq_get_mask>:
 160:	90 20 08 00 	rcsr r1,IM
 164:	c3 a0 00 00 	ret

00000168 <jump>:
 168:	c0 20 00 00 	b r1

0000016c <halt>:
 16c:	e0 00 00 00 	bi 16c <halt>

00000170 <_save_all>:
 170:	37 9c ff 80 	addi sp,sp,-128
 174:	5b 81 00 04 	sw (sp+4),r1
 178:	5b 82 00 08 	sw (sp+8),r2
 17c:	5b 83 00 0c 	sw (sp+12),r3
 180:	5b 84 00 10 	sw (sp+16),r4
 184:	5b 85 00 14 	sw (sp+20),r5
 188:	5b 86 00 18 	sw (sp+24),r6
 18c:	5b 87 00 1c 	sw (sp+28),r7
 190:	5b 88 00 20 	sw (sp+32),r8
 194:	5b 89 00 24 	sw (sp+36),r9
 198:	5b 8a 00 28 	sw (sp+40),r10
 19c:	5b 9e 00 78 	sw (sp+120),ea
 1a0:	5b 9f 00 7c 	sw (sp+124),ba
 1a4:	2b 81 00 80 	lw r1,(sp+128)
 1a8:	5b 81 00 74 	sw (sp+116),r1
 1ac:	bb 80 08 00 	mv r1,sp
 1b0:	34 21 00 80 	addi r1,r1,128
 1b4:	5b 81 00 70 	sw (sp+112),r1
 1b8:	c3 a0 00 00 	ret

000001bc <_restore_all_and_eret>:
 1bc:	2b 81 00 04 	lw r1,(sp+4)
 1c0:	2b 82 00 08 	lw r2,(sp+8)
 1c4:	2b 83 00 0c 	lw r3,(sp+12)
 1c8:	2b 84 00 10 	lw r4,(sp+16)
 1cc:	2b 85 00 14 	lw r5,(sp+20)
 1d0:	2b 86 00 18 	lw r6,(sp+24)
 1d4:	2b 87 00 1c 	lw r7,(sp+28)
 1d8:	2b 88 00 20 	lw r8,(sp+32)
 1dc:	2b 89 00 24 	lw r9,(sp+36)
 1e0:	2b 8a 00 28 	lw r10,(sp+40)
 1e4:	2b 9d 00 74 	lw ra,(sp+116)
 1e8:	2b 9e 00 78 	lw ea,(sp+120)
 1ec:	2b 9f 00 7c 	lw ba,(sp+124)
 1f0:	2b 9c 00 70 	lw sp,(sp+112)
 1f4:	c3 c0 00 00 	eret

000001f8 <get_sp>:
 1f8:	bb 80 08 00 	mv r1,sp
 1fc:	c3 a0 00 00 	ret

00000200 <get_gp>:
 200:	bb 40 08 00 	mv r1,gp
 204:	c3 a0 00 00 	ret

00000208 <main>:
#include "soc-hw.h"


int main()
{
 208:	37 9c ff f4 	addi sp,sp,-12
 20c:	5b 8b 00 0c 	sw (sp+12),r11
 210:	5b 8c 00 08 	sw (sp+8),r12
 214:	5b 9d 00 04 	sw (sp+4),ra

	gpio0->read = 0x000000ff;
 218:	78 0b 00 00 	mvhi r11,0x0
 21c:	39 6b 04 dc 	ori r11,r11,0x4dc
 220:	29 62 00 00 	lw r2,(r11+0)
 224:	34 01 00 ff 	mvi r1,255
	for(;;)
	{
		prueba();
		gpio0->write = 0x11;
 228:	34 0c 00 11 	mvi r12,17


int main()
{

	gpio0->read = 0x000000ff;
 22c:	58 41 00 08 	sw (r2+8),r1
	for(;;)
	{
		prueba();
 230:	f8 00 00 10 	calli 270 <prueba>
		gpio0->write = 0x11;
 234:	29 61 00 00 	lw r1,(r11+0)
 238:	58 2c 00 04 	sw (r1+4),r12
 23c:	e3 ff ff fd 	bi 230 <main+0x28>

00000240 <isr_null>:
/***************************************************************************
 * IRQ handling
 */
void isr_null()
{
}
 240:	c3 a0 00 00 	ret

00000244 <tic_isr>:

uint32_t tic_msec;

void tic_isr()
{
	tic_msec++;
 244:	78 01 00 00 	mvhi r1,0x0
 248:	38 21 05 64 	ori r1,r1,0x564
 24c:	28 23 00 00 	lw r3,(r1+0)
	timer0->tcr0     = TIMER_EN | TIMER_AR | TIMER_IRQEN;
 250:	78 02 00 00 	mvhi r2,0x0
 254:	38 42 04 d8 	ori r2,r2,0x4d8
 258:	28 42 00 00 	lw r2,(r2+0)

uint32_t tic_msec;

void tic_isr()
{
	tic_msec++;
 25c:	34 63 00 01 	addi r3,r3,1
 260:	58 23 00 00 	sw (r1+0),r3
	timer0->tcr0     = TIMER_EN | TIMER_AR | TIMER_IRQEN;
 264:	34 01 00 0e 	mvi r1,14
 268:	58 41 00 00 	sw (r2+0),r1
}
 26c:	c3 a0 00 00 	ret

00000270 <prueba>:

isr_ptr_t isr_table[32];

void prueba()
{
	   uart0->rxtx=30;
 270:	78 02 00 00 	mvhi r2,0x0
 274:	38 42 04 d4 	ori r2,r2,0x4d4
	   timer0->tcr0 = 0xAA;
 278:	78 01 00 00 	mvhi r1,0x0

isr_ptr_t isr_table[32];

void prueba()
{
	   uart0->rxtx=30;
 27c:	28 44 00 00 	lw r4,(r2+0)
	   timer0->tcr0 = 0xAA;
 280:	38 21 04 d8 	ori r1,r1,0x4d8
	   gpio0->dir=0x00;
 284:	78 02 00 00 	mvhi r2,0x0
isr_ptr_t isr_table[32];

void prueba()
{
	   uart0->rxtx=30;
	   timer0->tcr0 = 0xAA;
 288:	28 23 00 00 	lw r3,(r1+0)
	   gpio0->dir=0x00;
 28c:	38 42 04 dc 	ori r2,r2,0x4dc
	   spi0->rxtx=1;
 290:	78 01 00 00 	mvhi r1,0x0

void prueba()
{
	   uart0->rxtx=30;
	   timer0->tcr0 = 0xAA;
	   gpio0->dir=0x00;
 294:	28 42 00 00 	lw r2,(r2+0)
	   spi0->rxtx=1;
 298:	38 21 04 e0 	ori r1,r1,0x4e0

isr_ptr_t isr_table[32];

void prueba()
{
	   uart0->rxtx=30;
 29c:	34 05 00 1e 	mvi r5,30
 2a0:	58 85 00 04 	sw (r4+4),r5
	   timer0->tcr0 = 0xAA;
	   gpio0->dir=0x00;
	   spi0->rxtx=1;
 2a4:	28 21 00 00 	lw r1,(r1+0)
isr_ptr_t isr_table[32];

void prueba()
{
	   uart0->rxtx=30;
	   timer0->tcr0 = 0xAA;
 2a8:	34 04 00 aa 	mvi r4,170
 2ac:	58 64 00 00 	sw (r3+0),r4
	   gpio0->dir=0x00;
 2b0:	58 40 00 00 	sw (r2+0),r0
	   spi0->rxtx=1;
 2b4:	34 02 00 01 	mvi r2,1
 2b8:	58 22 00 00 	sw (r1+0),r2
	   spi0->nop1=2;
 2bc:	34 02 00 02 	mvi r2,2
 2c0:	58 22 00 04 	sw (r1+4),r2
	   spi0->cs=3;
 2c4:	34 02 00 03 	mvi r2,3
 2c8:	58 22 00 08 	sw (r1+8),r2
	   spi0->divisor=4;
 2cc:	34 02 00 04 	mvi r2,4
 2d0:	58 22 00 10 	sw (r1+16),r2
	   spi0->nop2=5;
 2d4:	34 02 00 05 	mvi r2,5
 2d8:	58 22 00 0c 	sw (r1+12),r2

}
 2dc:	c3 a0 00 00 	ret

000002e0 <irq_handler>:
void isr_null()
{
}

void irq_handler(uint32_t pending)
{
 2e0:	37 9c ff f0 	addi sp,sp,-16
 2e4:	5b 8b 00 10 	sw (sp+16),r11
 2e8:	5b 8c 00 0c 	sw (sp+12),r12
 2ec:	5b 8d 00 08 	sw (sp+8),r13
 2f0:	5b 9d 00 04 	sw (sp+4),ra
 2f4:	78 0b 00 00 	mvhi r11,0x0
 2f8:	39 6b 04 e4 	ori r11,r11,0x4e4
 2fc:	b8 20 60 00 	mv r12,r1
 */
void isr_null()
{
}

void irq_handler(uint32_t pending)
 300:	35 6d 00 80 	addi r13,r11,128
 304:	e0 00 00 04 	bi 314 <irq_handler+0x34>
{
	int i;

	for(i=0; i<32; i++) {
		if (pending & 0x01) (*isr_table[i])();
 308:	35 6b 00 04 	addi r11,r11,4

void irq_handler(uint32_t pending)
{
	int i;

	for(i=0; i<32; i++) {
 30c:	45 6d 00 08 	be r11,r13,32c <irq_handler+0x4c>
		if (pending & 0x01) (*isr_table[i])();
		pending >>= 1;
 310:	01 8c 00 01 	srui r12,r12,1
void irq_handler(uint32_t pending)
{
	int i;

	for(i=0; i<32; i++) {
		if (pending & 0x01) (*isr_table[i])();
 314:	21 81 00 01 	andi r1,r12,0x1
 318:	44 20 ff fc 	be r1,r0,308 <irq_handler+0x28>
 31c:	29 61 00 00 	lw r1,(r11+0)
 320:	35 6b 00 04 	addi r11,r11,4
 324:	d8 20 00 00 	call r1

void irq_handler(uint32_t pending)
{
	int i;

	for(i=0; i<32; i++) {
 328:	5d 6d ff fa 	bne r11,r13,310 <irq_handler+0x30>
		if (pending & 0x01) (*isr_table[i])();
		pending >>= 1;
	}
}
 32c:	2b 9d 00 04 	lw ra,(sp+4)
 330:	2b 8b 00 10 	lw r11,(sp+16)
 334:	2b 8c 00 0c 	lw r12,(sp+12)
 338:	2b 8d 00 08 	lw r13,(sp+8)
 33c:	37 9c 00 10 	addi sp,sp,16
 340:	c3 a0 00 00 	ret

00000344 <isr_init>:

void isr_init()
{
 344:	78 01 00 00 	mvhi r1,0x0
 348:	78 02 00 00 	mvhi r2,0x0
 34c:	38 21 04 e4 	ori r1,r1,0x4e4
 350:	38 42 02 40 	ori r2,r2,0x240
		if (pending & 0x01) (*isr_table[i])();
		pending >>= 1;
	}
}

void isr_init()
 354:	34 23 00 80 	addi r3,r1,128
{
	int i;
	for(i=0; i<32; i++)
		isr_table[i] = &isr_null;
 358:	58 22 00 00 	sw (r1+0),r2
 35c:	34 21 00 04 	addi r1,r1,4
}

void isr_init()
{
	int i;
	for(i=0; i<32; i++)
 360:	5c 23 ff fe 	bne r1,r3,358 <isr_init+0x14>
		isr_table[i] = &isr_null;
}
 364:	c3 a0 00 00 	ret

00000368 <isr_register>:

void isr_register(int irq, isr_ptr_t isr)
{
	isr_table[irq] = isr;
 368:	78 03 00 00 	mvhi r3,0x0
 36c:	3c 21 00 02 	sli r1,r1,2
 370:	38 63 04 e4 	ori r3,r3,0x4e4
 374:	b4 61 18 00 	add r3,r3,r1
 378:	58 62 00 00 	sw (r3+0),r2
}
 37c:	c3 a0 00 00 	ret

00000380 <isr_unregister>:

void isr_unregister(int irq)
{
	isr_table[irq] = &isr_null;
 380:	78 03 00 00 	mvhi r3,0x0
 384:	3c 21 00 02 	sli r1,r1,2
 388:	38 63 04 e4 	ori r3,r3,0x4e4
 38c:	78 02 00 00 	mvhi r2,0x0
 390:	b4 61 18 00 	add r3,r3,r1
 394:	38 42 02 40 	ori r2,r2,0x240
 398:	58 62 00 00 	sw (r3+0),r2
}
 39c:	c3 a0 00 00 	ret

000003a0 <msleep>:
void msleep(uint32_t msec)
{
	uint32_t tcr;

	// Use timer0.1
	timer0->compare1 = (FCPU/1000)*msec;
 3a0:	78 04 00 00 	mvhi r4,0x0
 3a4:	38 84 04 d0 	ori r4,r4,0x4d0
 3a8:	28 83 00 00 	lw r3,(r4+0)
 3ac:	78 02 00 00 	mvhi r2,0x0
 3b0:	38 42 04 d8 	ori r2,r2,0x4d8
 3b4:	28 42 00 00 	lw r2,(r2+0)
 3b8:	88 23 08 00 	mul r1,r1,r3
 3bc:	58 41 00 10 	sw (r2+16),r1
	timer0->counter1 = 0;
 3c0:	58 40 00 14 	sw (r2+20),r0
	timer0->tcr1 = TIMER_EN;
 3c4:	34 01 00 08 	mvi r1,8
 3c8:	58 41 00 0c 	sw (r2+12),r1

	do {
		//halt();
 		tcr = timer0->tcr1;
 3cc:	28 41 00 0c 	lw r1,(r2+12)
 	} while ( ! (tcr & TIMER_TRIG) );
 3d0:	20 21 00 01 	andi r1,r1,0x1
 3d4:	44 20 ff fe 	be r1,r0,3cc <msleep+0x2c>
}
 3d8:	c3 a0 00 00 	ret

000003dc <nsleep>:
void nsleep(uint32_t nsec)
{
	uint32_t tcr;

	// Use timer0.1
	timer0->compare1 = (FCPU/1000000)*nsec;
 3dc:	78 02 00 00 	mvhi r2,0x0
 3e0:	38 42 04 d8 	ori r2,r2,0x4d8
 3e4:	28 42 00 00 	lw r2,(r2+0)
 3e8:	08 21 00 64 	muli r1,r1,100
 3ec:	58 41 00 10 	sw (r2+16),r1
	timer0->counter1 = 0;
 3f0:	58 40 00 14 	sw (r2+20),r0
	timer0->tcr1 = TIMER_EN;
 3f4:	34 01 00 08 	mvi r1,8
 3f8:	58 41 00 0c 	sw (r2+12),r1

	do {
		//halt();
 		tcr = timer0->tcr1;
 3fc:	28 41 00 0c 	lw r1,(r2+12)
 	} while ( ! (tcr & TIMER_TRIG) );
 400:	20 21 00 01 	andi r1,r1,0x1
 404:	44 20 ff fe 	be r1,r0,3fc <nsleep+0x20>
}
 408:	c3 a0 00 00 	ret

0000040c <tic_init>:
void tic_init()
{
	tic_msec = 0;

	// Setup timer0.0
	timer0->compare0 = (FCPU/10000);
 40c:	78 01 00 00 	mvhi r1,0x0
 410:	38 21 04 d8 	ori r1,r1,0x4d8
 414:	28 23 00 00 	lw r3,(r1+0)
 418:	34 02 27 10 	mvi r2,10000
	timer0->tcr0     = TIMER_EN | TIMER_AR | TIMER_IRQEN;
}

void tic_init()
{
	tic_msec = 0;
 41c:	78 01 00 00 	mvhi r1,0x0

	// Setup timer0.0
	timer0->compare0 = (FCPU/10000);
 420:	58 62 00 04 	sw (r3+4),r2
	timer0->tcr0     = TIMER_EN | TIMER_AR | TIMER_IRQEN;
}

void tic_init()
{
	tic_msec = 0;
 424:	38 21 05 64 	ori r1,r1,0x564

	// Setup timer0.0
	timer0->compare0 = (FCPU/10000);
	timer0->counter0 = 0;
 428:	58 60 00 08 	sw (r3+8),r0
	timer0->tcr0     = TIMER_EN | TIMER_AR | TIMER_IRQEN;
}

void tic_init()
{
	tic_msec = 0;
 42c:	58 20 00 00 	sw (r1+0),r0
		isr_table[i] = &isr_null;
}

void isr_register(int irq, isr_ptr_t isr)
{
	isr_table[irq] = isr;
 430:	78 02 00 00 	mvhi r2,0x0
 434:	78 01 00 00 	mvhi r1,0x0
	tic_msec = 0;

	// Setup timer0.0
	timer0->compare0 = (FCPU/10000);
	timer0->counter0 = 0;
	timer0->tcr0     = TIMER_EN | TIMER_AR | TIMER_IRQEN;
 438:	34 04 00 0e 	mvi r4,14
 43c:	58 64 00 00 	sw (r3+0),r4
		isr_table[i] = &isr_null;
}

void isr_register(int irq, isr_ptr_t isr)
{
	isr_table[irq] = isr;
 440:	38 21 04 e4 	ori r1,r1,0x4e4
 444:	38 42 02 44 	ori r2,r2,0x244
 448:	58 22 00 04 	sw (r1+4),r2
	timer0->compare0 = (FCPU/10000);
	timer0->counter0 = 0;
	timer0->tcr0     = TIMER_EN | TIMER_AR | TIMER_IRQEN;

	isr_register(1, &tic_isr);
}
 44c:	c3 a0 00 00 	ret

00000450 <uart_init>:
	//uart0->lcr = 0x03;  // Line Control Register:    8N1
	//uart0->mcr = 0x00;  // Modem Control Register

	// Setup Divisor register (Fclk / Baud)
	//uart0->div = (FCPU/(57600*16));
}
 450:	c3 a0 00 00 	ret

00000454 <uart_getchar>:

char uart_getchar()
{   
 454:	78 01 00 00 	mvhi r1,0x0
 458:	38 21 04 d4 	ori r1,r1,0x4d4
 45c:	28 22 00 00 	lw r2,(r1+0)
	while (! (uart0->ucr & UART_DR)) ;
 460:	28 41 00 00 	lw r1,(r2+0)
 464:	20 21 00 01 	andi r1,r1,0x1
 468:	44 20 ff fe 	be r1,r0,460 <uart_getchar+0xc>
	return uart0->rxtx;
 46c:	28 41 00 04 	lw r1,(r2+4)
}
 470:	20 21 00 ff 	andi r1,r1,0xff
 474:	c3 a0 00 00 	ret

00000478 <uart_putchar>:

void uart_putchar(char c)
{
 478:	78 02 00 00 	mvhi r2,0x0
 47c:	38 42 04 d4 	ori r2,r2,0x4d4
 480:	28 43 00 00 	lw r3,(r2+0)
 484:	20 21 00 ff 	andi r1,r1,0xff
	while (uart0->ucr & UART_BUSY) ;
 488:	28 62 00 00 	lw r2,(r3+0)
 48c:	20 42 00 10 	andi r2,r2,0x10
 490:	5c 40 ff fe 	bne r2,r0,488 <uart_putchar+0x10>
	uart0->rxtx = c;
 494:	58 61 00 04 	sw (r3+4),r1
}
 498:	c3 a0 00 00 	ret

0000049c <uart_putstr>:

void uart_putstr(char *str)
{
	char *c = str;
	while(*c) {
 49c:	40 24 00 00 	lbu r4,(r1+0)
 4a0:	44 80 00 0b 	be r4,r0,4cc <uart_putstr+0x30>
 4a4:	78 02 00 00 	mvhi r2,0x0
 4a8:	38 42 04 d4 	ori r2,r2,0x4d4
 4ac:	28 43 00 00 	lw r3,(r2+0)
	return uart0->rxtx;
}

void uart_putchar(char c)
{
	while (uart0->ucr & UART_BUSY) ;
 4b0:	28 62 00 00 	lw r2,(r3+0)
 4b4:	20 42 00 10 	andi r2,r2,0x10
 4b8:	5c 40 ff fe 	bne r2,r0,4b0 <uart_putstr+0x14>
	uart0->rxtx = c;
 4bc:	58 64 00 04 	sw (r3+4),r4
void uart_putstr(char *str)
{
	char *c = str;
	while(*c) {
		uart_putchar(*c);
		c++;
 4c0:	34 21 00 01 	addi r1,r1,1
}

void uart_putstr(char *str)
{
	char *c = str;
	while(*c) {
 4c4:	40 24 00 00 	lbu r4,(r1+0)
 4c8:	5c 82 ff fa 	bne r4,r2,4b0 <uart_putstr+0x14>
 4cc:	c3 a0 00 00 	ret
