
image:     formato del fichero elf32-lm32

Secciones:
Ind Nombre        Tamaño    VMA       LMA       Desp fich Alin
  0 .text         0000071c  00000000  00000000  00000054  2**2
                  CONTENTS, ALLOC, LOAD, CODE
  1 .data         00000018  0000071c  0000071c  00000770  2**2
                  CONTENTS, ALLOC, LOAD, DATA
  2 .bss          0000001c  00000734  00000734  00000788  2**2
                  ALLOC
  3 .debug_abbrev 00000362  00000000  00000000  00000788  2**0
                  CONTENTS, READONLY, DEBUGGING
  4 .debug_info   000008b9  00000000  00000000  00000aea  2**0
                  CONTENTS, READONLY, DEBUGGING
  5 .debug_line   0000054b  00000000  00000000  000013a3  2**0
                  CONTENTS, READONLY, DEBUGGING
  6 .debug_frame  00000130  00000000  00000000  000018f0  2**2
                  CONTENTS, READONLY, DEBUGGING
  7 .debug_loc    00000238  00000000  00000000  00001a20  2**0
                  CONTENTS, READONLY, DEBUGGING
  8 .debug_pubnames 00000188  00000000  00000000  00001c58  2**0
                  CONTENTS, READONLY, DEBUGGING
  9 .debug_pubtypes 000000c3  00000000  00000000  00001de0  2**0
                  CONTENTS, READONLY, DEBUGGING
 10 .debug_aranges 00000060  00000000  00000000  00001ea3  2**0
                  CONTENTS, READONLY, DEBUGGING
 11 .debug_str    000001ea  00000000  00000000  00001f03  2**0
                  CONTENTS, READONLY, DEBUGGING
 12 .comment      00000011  00000000  00000000  000020ed  2**0
                  CONTENTS, READONLY

Desensamblado de la sección .text:

00000000 <_ftext>:
   0:	98 00 00 00 	xor r0,r0,r0
   4:	d0 00 00 00 	wcsr IE,r0
   8:	78 01 00 00 	mvhi r1,0x0
   c:	38 21 00 00 	ori r1,r1,0x0
  10:	d0 e1 00 00 	wcsr EBA,r1
  14:	f8 00 00 3b 	calli 100 <_crt0>
  18:	34 00 00 00 	nop
  1c:	34 00 00 00 	nop

00000020 <_breakpoint_handler>:
  20:	34 00 00 00 	nop
  24:	34 00 00 00 	nop
  28:	34 00 00 00 	nop
  2c:	34 00 00 00 	nop
  30:	34 00 00 00 	nop
  34:	34 00 00 00 	nop
  38:	34 00 00 00 	nop
  3c:	34 00 00 00 	nop

00000040 <_ibuserror_handler>:
  40:	34 00 00 00 	nop
  44:	34 00 00 00 	nop
  48:	34 00 00 00 	nop
  4c:	34 00 00 00 	nop
  50:	34 00 00 00 	nop
  54:	34 00 00 00 	nop
  58:	34 00 00 00 	nop
  5c:	34 00 00 00 	nop

00000060 <_watchpoint_handler>:
  60:	34 00 00 00 	nop
  64:	34 00 00 00 	nop
  68:	34 00 00 00 	nop
  6c:	34 00 00 00 	nop
  70:	34 00 00 00 	nop
  74:	34 00 00 00 	nop
  78:	34 00 00 00 	nop
  7c:	34 00 00 00 	nop

00000080 <_dbuserror_handler>:
  80:	34 00 00 00 	nop
  84:	34 00 00 00 	nop
  88:	34 00 00 00 	nop
  8c:	34 00 00 00 	nop
  90:	34 00 00 00 	nop
  94:	34 00 00 00 	nop
  98:	34 00 00 00 	nop
  9c:	34 00 00 00 	nop

000000a0 <_divzero_handler>:
  a0:	34 00 00 00 	nop
  a4:	34 00 00 00 	nop
  a8:	34 00 00 00 	nop
  ac:	34 00 00 00 	nop
  b0:	34 00 00 00 	nop
  b4:	34 00 00 00 	nop
  b8:	34 00 00 00 	nop
  bc:	34 00 00 00 	nop

000000c0 <_interrupt_handler>:
  c0:	5b 9d 00 00 	sw (sp+0),ra
  c4:	f8 00 00 2b 	calli 170 <_save_all>
  c8:	90 40 08 00 	rcsr r1,IP
  cc:	f8 00 00 9a 	calli 334 <irq_handler>
  d0:	78 01 ff ff 	mvhi r1,0xffff
  d4:	38 21 ff ff 	ori r1,r1,0xffff
  d8:	d0 41 00 00 	wcsr IP,r1
  dc:	e0 00 00 38 	bi 1bc <_restore_all_and_eret>

000000e0 <_scall_handler>:
  e0:	34 00 00 00 	nop
  e4:	34 00 00 00 	nop
  e8:	34 00 00 00 	nop
  ec:	34 00 00 00 	nop
  f0:	34 00 00 00 	nop
  f4:	34 00 00 00 	nop
  f8:	34 00 00 00 	nop
  fc:	34 00 00 00 	nop

00000100 <_crt0>:
 100:	78 1c 00 00 	mvhi sp,0x0
 104:	3b 9c 0f fc 	ori sp,sp,0xffc
 108:	78 1a 00 00 	mvhi gp,0x0
 10c:	3b 5a 07 40 	ori gp,gp,0x740
 110:	78 01 00 00 	mvhi r1,0x0
 114:	38 21 07 34 	ori r1,r1,0x734
 118:	78 03 00 00 	mvhi r3,0x0
 11c:	38 63 07 50 	ori r3,r3,0x750

00000120 <.clearBSS>:
 120:	44 23 00 04 	be r1,r3,130 <.callMain>
 124:	58 20 00 00 	sw (r1+0),r0
 128:	34 21 00 04 	addi r1,r1,4
 12c:	e3 ff ff fd 	bi 120 <.clearBSS>

00000130 <.callMain>:
 130:	34 01 00 00 	mvi r1,0
 134:	34 02 00 00 	mvi r2,0
 138:	34 03 00 00 	mvi r3,0
 13c:	f8 00 00 33 	calli 208 <main>

00000140 <irq_enable>:
 140:	34 01 00 01 	mvi r1,1
 144:	d0 01 00 00 	wcsr IE,r1
 148:	c3 a0 00 00 	ret

0000014c <irq_disable>:
 14c:	34 01 00 00 	mvi r1,0
 150:	d0 01 00 00 	wcsr IE,r1
 154:	c3 a0 00 00 	ret

00000158 <irq_set_mask>:
 158:	d0 21 00 00 	wcsr IM,r1
 15c:	c3 a0 00 00 	ret

00000160 <irq_get_mask>:
 160:	90 20 08 00 	rcsr r1,IM
 164:	c3 a0 00 00 	ret

00000168 <jump>:
 168:	c0 20 00 00 	b r1

0000016c <halt>:
 16c:	e0 00 00 00 	bi 16c <halt>

00000170 <_save_all>:
 170:	37 9c ff 80 	addi sp,sp,-128
 174:	5b 81 00 04 	sw (sp+4),r1
 178:	5b 82 00 08 	sw (sp+8),r2
 17c:	5b 83 00 0c 	sw (sp+12),r3
 180:	5b 84 00 10 	sw (sp+16),r4
 184:	5b 85 00 14 	sw (sp+20),r5
 188:	5b 86 00 18 	sw (sp+24),r6
 18c:	5b 87 00 1c 	sw (sp+28),r7
 190:	5b 88 00 20 	sw (sp+32),r8
 194:	5b 89 00 24 	sw (sp+36),r9
 198:	5b 8a 00 28 	sw (sp+40),r10
 19c:	5b 9e 00 78 	sw (sp+120),ea
 1a0:	5b 9f 00 7c 	sw (sp+124),ba
 1a4:	2b 81 00 80 	lw r1,(sp+128)
 1a8:	5b 81 00 74 	sw (sp+116),r1
 1ac:	bb 80 08 00 	mv r1,sp
 1b0:	34 21 00 80 	addi r1,r1,128
 1b4:	5b 81 00 70 	sw (sp+112),r1
 1b8:	c3 a0 00 00 	ret

000001bc <_restore_all_and_eret>:
 1bc:	2b 81 00 04 	lw r1,(sp+4)
 1c0:	2b 82 00 08 	lw r2,(sp+8)
 1c4:	2b 83 00 0c 	lw r3,(sp+12)
 1c8:	2b 84 00 10 	lw r4,(sp+16)
 1cc:	2b 85 00 14 	lw r5,(sp+20)
 1d0:	2b 86 00 18 	lw r6,(sp+24)
 1d4:	2b 87 00 1c 	lw r7,(sp+28)
 1d8:	2b 88 00 20 	lw r8,(sp+32)
 1dc:	2b 89 00 24 	lw r9,(sp+36)
 1e0:	2b 8a 00 28 	lw r10,(sp+40)
 1e4:	2b 9d 00 74 	lw ra,(sp+116)
 1e8:	2b 9e 00 78 	lw ea,(sp+120)
 1ec:	2b 9f 00 7c 	lw ba,(sp+124)
 1f0:	2b 9c 00 70 	lw sp,(sp+112)
 1f4:	c3 c0 00 00 	eret

000001f8 <get_sp>:
 1f8:	bb 80 08 00 	mv r1,sp
 1fc:	c3 a0 00 00 	ret

00000200 <get_gp>:
 200:	bb 40 08 00 	mv r1,gp
 204:	c3 a0 00 00 	ret

00000208 <main>:
#include "rxdmx.h"



int main()
{
 208:	37 9c ff e4 	addi sp,sp,-28
 20c:	5b 8b 00 1c 	sw (sp+28),r11
 210:	5b 8c 00 18 	sw (sp+24),r12
 214:	5b 8d 00 14 	sw (sp+20),r13
 218:	5b 8e 00 10 	sw (sp+16),r14
 21c:	5b 8f 00 0c 	sw (sp+12),r15
 220:	5b 90 00 08 	sw (sp+8),r16
 224:	5b 9d 00 04 	sw (sp+4),ra
	uint32_t dato=0;
	gpio0->dir=0x7e;
 228:	78 0c 00 00 	mvhi r12,0x0
 22c:	39 8c 07 24 	ori r12,r12,0x724
 230:	29 82 00 00 	lw r2,(r12+0)
 234:	78 0d 00 00 	mvhi r13,0x0
 238:	78 10 00 00 	mvhi r16,0x0
 23c:	78 0f 00 00 	mvhi r15,0x0
 240:	78 0e 00 00 	mvhi r14,0x0
 244:	34 01 00 7e 	mvi r1,126
 248:	58 41 00 08 	sw (r2+8),r1
 24c:	39 ad 07 38 	ori r13,r13,0x738
 250:	3a 10 07 4c 	ori r16,r16,0x74c
 254:	39 ef 07 44 	ori r15,r15,0x744
 258:	39 ce 07 40 	ori r14,r14,0x740
 25c:	29 81 00 00 	lw r1,(r12+0)



	for(;;)
	{
		while (gpio0->read & 0x01);
 260:	28 2b 00 00 	lw r11,(r1+0)
 264:	21 6b 00 01 	andi r11,r11,0x1
 268:	5d 60 ff fe 	bne r11,r0,260 <main+0x58>
		timebreak();
 26c:	f8 00 00 b1 	calli 530 <timebreak>
		timeMAB();
 270:	f8 00 00 ce 	calli 5a8 <timeMAB>
 		sleep2us();
 274:	f8 00 00 e0 	calli 5f4 <sleep2us>
		dato = leerdatos();
 278:	f8 00 00 f7 	calli 654 <leerdatos>
		if (error==0)
 27c:	29 a1 00 00 	lw r1,(r13+0)
 280:	5c 2b 00 17 	bne r1,r11,2dc <main+0xd4>
 284:	29 82 00 00 	lw r2,(r12+0)
		{
			while (gpio0->read & 0x01);
 288:	28 41 00 00 	lw r1,(r2+0)
 28c:	20 21 00 01 	andi r1,r1,0x1
 290:	5c 20 ff fe 	bne r1,r0,288 <main+0x80>
			sleep2us();
 294:	f8 00 00 d8 	calli 5f4 <sleep2us>
			ch1 = leerdatos();
 298:	f8 00 00 ef 	calli 654 <leerdatos>
 29c:	29 82 00 00 	lw r2,(r12+0)
 2a0:	5a 01 00 00 	sw (r16+0),r1
			while (gpio0->read & 0x01);
 2a4:	28 41 00 00 	lw r1,(r2+0)
 2a8:	20 21 00 01 	andi r1,r1,0x1
 2ac:	5c 20 ff fe 	bne r1,r0,2a4 <main+0x9c>
			sleep2us();
 2b0:	f8 00 00 d1 	calli 5f4 <sleep2us>
			ch2 = leerdatos();
 2b4:	f8 00 00 e8 	calli 654 <leerdatos>
 2b8:	29 82 00 00 	lw r2,(r12+0)
 2bc:	59 e1 00 00 	sw (r15+0),r1
			while (gpio0->read & 0x01);
 2c0:	28 41 00 00 	lw r1,(r2+0)
 2c4:	20 21 00 01 	andi r1,r1,0x1
 2c8:	5c 20 ff fe 	bne r1,r0,2c0 <main+0xb8>
			sleep2us();
 2cc:	f8 00 00 ca 	calli 5f4 <sleep2us>
			ch3 = leerdatos();
 2d0:	f8 00 00 e1 	calli 654 <leerdatos>
 2d4:	59 c1 00 00 	sw (r14+0),r1
			valorchs();
 2d8:	f8 00 00 fc 	calli 6c8 <valorchs>
		}
		error=0;
 2dc:	59 a0 00 00 	sw (r13+0),r0
	}
 2e0:	e3 ff ff df 	bi 25c <main+0x54>

000002e4 <pwm>:
}


void pwm(uint8_t PINRGB, int Valor_C)
{
	if (contador < Valor_C)
 2e4:	78 03 00 00 	mvhi r3,0x0
 2e8:	38 63 07 3c 	ori r3,r3,0x73c
 2ec:	28 63 00 00 	lw r3,(r3+0)

}


void pwm(uint8_t PINRGB, int Valor_C)
{
 2f0:	20 21 00 ff 	andi r1,r1,0xff
	if (contador < Valor_C)
 2f4:	4c 62 00 08 	bge r3,r2,314 <pwm+0x30>
 */

void set_pin(uint8_t value, uint8_t npin)
{
     if (value)
		gpio0->write = gpio0->read | npin;
 2f8:	78 02 00 00 	mvhi r2,0x0
 2fc:	38 42 07 24 	ori r2,r2,0x724
 300:	28 42 00 00 	lw r2,(r2+0)
 304:	28 43 00 00 	lw r3,(r2+0)
 308:	b8 23 08 00 	or r1,r1,r3
 30c:	58 41 00 04 	sw (r2+4),r1
 310:	c3 a0 00 00 	ret
	else
		gpio0->write = gpio0->read & (~npin);
 314:	78 02 00 00 	mvhi r2,0x0
 318:	38 42 07 24 	ori r2,r2,0x724
 31c:	28 42 00 00 	lw r2,(r2+0)
 320:	a4 20 08 00 	not r1,r1
 324:	28 43 00 00 	lw r3,(r2+0)
 328:	a0 23 08 00 	and r1,r1,r3
 32c:	58 41 00 04 	sw (r2+4),r1
 330:	c3 a0 00 00 	ret

00000334 <irq_handler>:
/***************************************************************************
 * IRQ handling
 */

void irq_handler(uint32_t pending)
{
 334:	37 9c ff fc 	addi sp,sp,-4
 338:	5b 9d 00 04 	sw (sp+4),ra

	timer0->tcr0     = TIMER_EN | TIMER_AR | TIMER_IRQEN;
     
	contador =contador+1;
 33c:	78 01 00 00 	mvhi r1,0x0
 340:	38 21 07 3c 	ori r1,r1,0x73c
 */

void irq_handler(uint32_t pending)
{

	timer0->tcr0     = TIMER_EN | TIMER_AR | TIMER_IRQEN;
 344:	78 02 00 00 	mvhi r2,0x0
     
	contador =contador+1;
 348:	28 24 00 00 	lw r4,(r1+0)
 */

void irq_handler(uint32_t pending)
{

	timer0->tcr0     = TIMER_EN | TIMER_AR | TIMER_IRQEN;
 34c:	38 42 07 20 	ori r2,r2,0x720
 350:	28 43 00 00 	lw r3,(r2+0)
     
	contador =contador+1;
 354:	34 82 00 01 	addi r2,r4,1
 */

void irq_handler(uint32_t pending)
{

	timer0->tcr0     = TIMER_EN | TIMER_AR | TIMER_IRQEN;
 358:	34 04 00 0e 	mvi r4,14
 35c:	58 64 00 00 	sw (r3+0),r4
     
	contador =contador+1;
 360:	58 22 00 00 	sw (r1+0),r2
     if (contador > 255)
 364:	34 03 00 ff 	mvi r3,255
 368:	4c 62 00 02 	bge r3,r2,370 <irq_handler+0x3c>
		contador =0;
 36c:	58 20 00 00 	sw (r1+0),r0
//	uart_putchar(contador);


	pwm(PIN_R, ch1_);
 370:	78 01 00 00 	mvhi r1,0x0
 374:	38 21 07 2c 	ori r1,r1,0x72c
 378:	28 22 00 00 	lw r2,(r1+0)
 37c:	34 01 00 02 	mvi r1,2
 380:	fb ff ff d9 	calli 2e4 <pwm>
	pwm(PIN_G, ch2_);
 384:	78 01 00 00 	mvhi r1,0x0
 388:	38 21 07 30 	ori r1,r1,0x730
 38c:	28 22 00 00 	lw r2,(r1+0)
 390:	34 01 00 04 	mvi r1,4
 394:	fb ff ff d4 	calli 2e4 <pwm>
	pwm(PIN_B, ch3_);
 398:	78 01 00 00 	mvhi r1,0x0
 39c:	38 21 07 34 	ori r1,r1,0x734
 3a0:	28 22 00 00 	lw r2,(r1+0)
 3a4:	34 01 00 08 	mvi r1,8
 3a8:	fb ff ff cf 	calli 2e4 <pwm>

}
 3ac:	2b 9d 00 04 	lw ra,(sp+4)
 3b0:	37 9c 00 04 	addi sp,sp,4
 3b4:	c3 a0 00 00 	ret

000003b8 <tic_init0>:
 */


void tic_init0()
{
	timer0->compare0 = (FCPU/1000000)*5;
 3b8:	78 01 00 00 	mvhi r1,0x0
 3bc:	38 21 07 20 	ori r1,r1,0x720
 3c0:	28 22 00 00 	lw r2,(r1+0)
 3c4:	34 01 01 f4 	mvi r1,500
	timer0->counter0 = 0;
	timer0->tcr0     = TIMER_EN | TIMER_AR| TIMER_IRQEN;
 3c8:	34 03 00 0e 	mvi r3,14
 */


void tic_init0()
{
	timer0->compare0 = (FCPU/1000000)*5;
 3cc:	58 41 00 04 	sw (r2+4),r1
	timer0->counter0 = 0;
 3d0:	58 40 00 08 	sw (r2+8),r0
	timer0->tcr0     = TIMER_EN | TIMER_AR| TIMER_IRQEN;
	contador=0;
 3d4:	78 01 00 00 	mvhi r1,0x0

void tic_init0()
{
	timer0->compare0 = (FCPU/1000000)*5;
	timer0->counter0 = 0;
	timer0->tcr0     = TIMER_EN | TIMER_AR| TIMER_IRQEN;
 3d8:	58 43 00 00 	sw (r2+0),r3
	contador=0;
 3dc:	38 21 07 3c 	ori r1,r1,0x73c
 3e0:	58 20 00 00 	sw (r1+0),r0
}
 3e4:	c3 a0 00 00 	ret

000003e8 <set_pin>:
/**********************************************************
 * GPIO Functions
 */

void set_pin(uint8_t value, uint8_t npin)
{
 3e8:	20 21 00 ff 	andi r1,r1,0xff
 3ec:	20 42 00 ff 	andi r2,r2,0xff
     if (value)
 3f0:	5c 20 00 09 	bne r1,r0,414 <set_pin+0x2c>
		gpio0->write = gpio0->read | npin;
	else
		gpio0->write = gpio0->read & (~npin);
 3f4:	78 01 00 00 	mvhi r1,0x0
 3f8:	38 21 07 24 	ori r1,r1,0x724
 3fc:	28 21 00 00 	lw r1,(r1+0)
 400:	a4 40 10 00 	not r2,r2
 404:	28 23 00 00 	lw r3,(r1+0)
 408:	a0 43 10 00 	and r2,r2,r3
 40c:	58 22 00 04 	sw (r1+4),r2
 410:	c3 a0 00 00 	ret
 */

void set_pin(uint8_t value, uint8_t npin)
{
     if (value)
		gpio0->write = gpio0->read | npin;
 414:	78 01 00 00 	mvhi r1,0x0
 418:	38 21 07 24 	ori r1,r1,0x724
 41c:	28 21 00 00 	lw r1,(r1+0)
 420:	28 23 00 00 	lw r3,(r1+0)
 424:	b8 43 10 00 	or r2,r2,r3
 428:	58 22 00 04 	sw (r1+4),r2
 42c:	c3 a0 00 00 	ret

00000430 <set_pinDMX>:
		gpio0->write = gpio0->read & (~npin);

}

void set_pinDMX(uint8_t value)
{
 430:	20 21 00 ff 	andi r1,r1,0xff
     if (value)
 434:	5c 20 00 08 	bne r1,r0,454 <set_pinDMX+0x24>
		gpio0->write = gpio0->read | 0x01;
	else
		gpio0->write = gpio0->read & 0xFE;
 438:	78 01 00 00 	mvhi r1,0x0
 43c:	38 21 07 24 	ori r1,r1,0x724
 440:	28 21 00 00 	lw r1,(r1+0)
 444:	28 22 00 00 	lw r2,(r1+0)
 448:	20 42 00 fe 	andi r2,r2,0xfe
 44c:	58 22 00 04 	sw (r1+4),r2
 450:	c3 a0 00 00 	ret
}

void set_pinDMX(uint8_t value)
{
     if (value)
		gpio0->write = gpio0->read | 0x01;
 454:	78 01 00 00 	mvhi r1,0x0
 458:	38 21 07 24 	ori r1,r1,0x724
 45c:	28 21 00 00 	lw r1,(r1+0)
 460:	28 22 00 00 	lw r2,(r1+0)
 464:	38 42 00 01 	ori r2,r2,0x1
 468:	58 22 00 04 	sw (r1+4),r2
 46c:	c3 a0 00 00 	ret

00000470 <pin_inv>:
}

void pin_inv(uint8_t npin)
{
	uint32_t val;
	val = (~gpio0->read) & npin;
 470:	78 02 00 00 	mvhi r2,0x0
 474:	38 42 07 24 	ori r2,r2,0x724
 478:	28 42 00 00 	lw r2,(r2+0)
		gpio0->write = gpio0->read & 0xFE;

}

void pin_inv(uint8_t npin)
{
 47c:	20 21 00 ff 	andi r1,r1,0xff
	uint32_t val;
	val = (~gpio0->read) & npin;
 480:	28 43 00 00 	lw r3,(r2+0)
 484:	a4 60 18 00 	not r3,r3
 * GPIO Functions
 */

void set_pin(uint8_t value, uint8_t npin)
{
     if (value)
 488:	a0 23 18 00 	and r3,r1,r3
 48c:	5c 60 00 06 	bne r3,r0,4a4 <pin_inv+0x34>
		gpio0->write = gpio0->read | npin;
	else
		gpio0->write = gpio0->read & (~npin);
 490:	28 43 00 00 	lw r3,(r2+0)
 494:	a4 20 08 00 	not r1,r1
 498:	a0 23 08 00 	and r1,r1,r3
 49c:	58 41 00 04 	sw (r2+4),r1
 4a0:	c3 a0 00 00 	ret
 */

void set_pin(uint8_t value, uint8_t npin)
{
     if (value)
		gpio0->write = gpio0->read | npin;
 4a4:	28 43 00 00 	lw r3,(r2+0)
 4a8:	b8 23 08 00 	or r1,r1,r3
 4ac:	58 41 00 04 	sw (r2+4),r1
 4b0:	c3 a0 00 00 	ret

000004b4 <uart_getchar>:
/***************************************************************************
 * UART Functions
 */

char uart_getchar()
{   
 4b4:	78 01 00 00 	mvhi r1,0x0
 4b8:	38 21 07 1c 	ori r1,r1,0x71c
 4bc:	28 22 00 00 	lw r2,(r1+0)
	while (! (uart0->ucr & UART_DR)) ;
 4c0:	28 41 00 00 	lw r1,(r2+0)
 4c4:	20 21 00 01 	andi r1,r1,0x1
 4c8:	44 20 ff fe 	be r1,r0,4c0 <uart_getchar+0xc>
	return uart0->rxtx;
 4cc:	28 41 00 04 	lw r1,(r2+4)
}
 4d0:	20 21 00 ff 	andi r1,r1,0xff
 4d4:	c3 a0 00 00 	ret

000004d8 <uart_putchar>:

void uart_putchar(char c)
{
 4d8:	78 02 00 00 	mvhi r2,0x0
 4dc:	38 42 07 1c 	ori r2,r2,0x71c
 4e0:	28 43 00 00 	lw r3,(r2+0)
 4e4:	20 21 00 ff 	andi r1,r1,0xff
	while (uart0->ucr & UART_BUSY) ;
 4e8:	28 62 00 00 	lw r2,(r3+0)
 4ec:	20 42 00 10 	andi r2,r2,0x10
 4f0:	5c 40 ff fe 	bne r2,r0,4e8 <uart_putchar+0x10>
	uart0->rxtx = c;
 4f4:	58 61 00 04 	sw (r3+4),r1
}
 4f8:	c3 a0 00 00 	ret

000004fc <uart_putstr>:

void uart_putstr(char *str)
{
	char *c = str;
	while(*c) {
 4fc:	40 24 00 00 	lbu r4,(r1+0)
 500:	44 80 00 0b 	be r4,r0,52c <uart_putstr+0x30>
 504:	78 02 00 00 	mvhi r2,0x0
 508:	38 42 07 1c 	ori r2,r2,0x71c
 50c:	28 43 00 00 	lw r3,(r2+0)
	return uart0->rxtx;
}

void uart_putchar(char c)
{
	while (uart0->ucr & UART_BUSY) ;
 510:	28 62 00 00 	lw r2,(r3+0)
 514:	20 42 00 10 	andi r2,r2,0x10
 518:	5c 40 ff fe 	bne r2,r0,510 <uart_putstr+0x14>
	uart0->rxtx = c;
 51c:	58 64 00 04 	sw (r3+4),r4
void uart_putstr(char *str)
{
	char *c = str;
	while(*c) {
		uart_putchar(*c);
		c++;
 520:	34 21 00 01 	addi r1,r1,1
}

void uart_putstr(char *str)
{
	char *c = str;
	while(*c) {
 524:	40 24 00 00 	lbu r4,(r1+0)
 528:	5c 82 ff fa 	bne r4,r2,510 <uart_putstr+0x14>
 52c:	c3 a0 00 00 	ret

00000530 <timebreak>:


void timebreak()
{
	uint32_t tcr;
     uint8_t p =gpio0->read & 0x01;
 530:	78 01 00 00 	mvhi r1,0x0
 534:	38 21 07 24 	ori r1,r1,0x724
 538:	28 25 00 00 	lw r5,(r1+0)
	timer0->counter1 = 0;
 53c:	78 01 00 00 	mvhi r1,0x0
 540:	38 21 07 20 	ori r1,r1,0x720
 544:	28 21 00 00 	lw r1,(r1+0)


void timebreak()
{
	uint32_t tcr;
     uint8_t p =gpio0->read & 0x01;
 548:	28 a4 00 00 	lw r4,(r5+0)
	timer0->counter1 = 0;
	timer0->compare1 = (FCPU/1000000)*(90);
 54c:	34 02 23 28 	mvi r2,9000

void timebreak()
{
	uint32_t tcr;
     uint8_t p =gpio0->read & 0x01;
	timer0->counter1 = 0;
 550:	58 20 00 14 	sw (r1+20),r0
	timer0->compare1 = (FCPU/1000000)*(90);
 554:	58 22 00 10 	sw (r1+16),r2
	timer0->tcr1 = TIMER_EN;
 558:	20 84 00 01 	andi r4,r4,0x1
 55c:	34 02 00 08 	mvi r2,8
 560:	58 22 00 0c 	sw (r1+12),r2
 564:	18 84 00 01 	xori r4,r4,0x1
	do {
 		tcr = timer0->tcr1;
 568:	28 23 00 0c 	lw r3,(r1+12)
	} while ( (! (tcr & TIMER_TRIG)) && (!p) );
 56c:	20 63 00 01 	andi r3,r3,0x1
 570:	64 62 00 00 	cmpei r2,r3,0
 574:	a0 82 10 00 	and r2,r4,r2
 578:	5c 40 ff fc 	bne r2,r0,568 <timebreak+0x38>
	timer0->tcr1=0;
 57c:	58 20 00 0c 	sw (r1+12),r0
	if (!(tcr & TIMER_TRIG))
 580:	44 62 00 05 	be r3,r2,594 <timebreak+0x64>
		error = 1;
	else
		while (!(gpio0->read & 0x01));
 584:	28 a1 00 00 	lw r1,(r5+0)
 588:	20 21 00 01 	andi r1,r1,0x1
 58c:	44 20 ff fe 	be r1,r0,584 <timebreak+0x54>
 590:	c3 a0 00 00 	ret
	do {
 		tcr = timer0->tcr1;
	} while ( (! (tcr & TIMER_TRIG)) && (!p) );
	timer0->tcr1=0;
	if (!(tcr & TIMER_TRIG))
		error = 1;
 594:	78 01 00 00 	mvhi r1,0x0
 598:	38 21 07 38 	ori r1,r1,0x738
 59c:	34 02 00 01 	mvi r2,1
 5a0:	58 22 00 00 	sw (r1+0),r2
 5a4:	c3 a0 00 00 	ret

000005a8 <timeMAB>:


void timeMAB()
{
	uint32_t tcr;
	timer0->counter1 = 0;
 5a8:	78 01 00 00 	mvhi r1,0x0
 5ac:	38 21 07 20 	ori r1,r1,0x720
 5b0:	28 21 00 00 	lw r1,(r1+0)
	timer0->compare1 = (FCPU/1000000)*(8);
 5b4:	34 02 03 20 	mvi r2,800


void timeMAB()
{
	uint32_t tcr;
	timer0->counter1 = 0;
 5b8:	58 20 00 14 	sw (r1+20),r0
	timer0->compare1 = (FCPU/1000000)*(8);
 5bc:	58 22 00 10 	sw (r1+16),r2
	timer0->tcr1 = TIMER_EN;
 5c0:	34 02 00 08 	mvi r2,8
 5c4:	58 22 00 0c 	sw (r1+12),r2
	do {
 		tcr = timer0->tcr1;
 5c8:	28 22 00 0c 	lw r2,(r1+12)
 	} while ( ! ((tcr & TIMER_TRIG)) );
 5cc:	20 42 00 01 	andi r2,r2,0x1
 5d0:	44 40 ff fe 	be r2,r0,5c8 <timeMAB+0x20>
	timer0->tcr1=0;
 5d4:	78 02 00 00 	mvhi r2,0x0
 5d8:	38 42 07 24 	ori r2,r2,0x724
 5dc:	28 42 00 00 	lw r2,(r2+0)
 5e0:	58 20 00 0c 	sw (r1+12),r0
	while ((gpio0->read & 0x01));
 5e4:	28 41 00 00 	lw r1,(r2+0)
 5e8:	20 21 00 01 	andi r1,r1,0x1
 5ec:	5c 20 ff fe 	bne r1,r0,5e4 <timeMAB+0x3c>

}
 5f0:	c3 a0 00 00 	ret

000005f4 <sleep2us>:

void sleep2us()
{
	uint32_t tcr;
	timer0->counter1 = 0;
 5f4:	78 01 00 00 	mvhi r1,0x0
 5f8:	38 21 07 20 	ori r1,r1,0x720
 5fc:	28 21 00 00 	lw r1,(r1+0)
	timer0->compare1 = 273;
 600:	34 02 01 11 	mvi r2,273
}

void sleep2us()
{
	uint32_t tcr;
	timer0->counter1 = 0;
 604:	58 20 00 14 	sw (r1+20),r0
	timer0->compare1 = 273;
 608:	58 22 00 10 	sw (r1+16),r2
//	timer0->compare1 = (FCPU/1000000)*(3);
	timer0->tcr1 = TIMER_EN;
 60c:	34 02 00 08 	mvi r2,8
 610:	58 22 00 0c 	sw (r1+12),r2
	do {
 		tcr = timer0->tcr1;
 614:	28 22 00 0c 	lw r2,(r1+12)
 	} while ( ! (tcr & TIMER_TRIG) );
 618:	20 42 00 01 	andi r2,r2,0x1
 61c:	44 40 ff fe 	be r2,r0,614 <sleep2us+0x20>
		
}void sleep4us()
 620:	c3 a0 00 00 	ret

00000624 <sleep4us>:
{
	uint32_t tcr;
	timer0->counter1 = 0;
 624:	78 01 00 00 	mvhi r1,0x0
 628:	38 21 07 20 	ori r1,r1,0x720
 62c:	28 21 00 00 	lw r1,(r1+0)
	timer0->compare1 = 360;
 630:	34 02 01 68 	mvi r2,360
 	} while ( ! (tcr & TIMER_TRIG) );
		
}void sleep4us()
{
	uint32_t tcr;
	timer0->counter1 = 0;
 634:	58 20 00 14 	sw (r1+20),r0
	timer0->compare1 = 360;
 638:	58 22 00 10 	sw (r1+16),r2
//	timer0->compare1 = (FCPU/1000000)*(2);
	timer0->tcr1 = TIMER_EN;
 63c:	34 02 00 08 	mvi r2,8
 640:	58 22 00 0c 	sw (r1+12),r2
	do {
 		tcr = timer0->tcr1;
 644:	28 22 00 0c 	lw r2,(r1+12)
 	} while ( ! (tcr & TIMER_TRIG) );
 648:	20 42 00 01 	andi r2,r2,0x1
 64c:	44 40 ff fe 	be r2,r0,644 <sleep4us+0x20>

}
 650:	c3 a0 00 00 	ret

00000654 <leerdatos>:

uint8_t leerdatos()
{
 654:	37 9c ff f0 	addi sp,sp,-16
 658:	5b 8b 00 10 	sw (sp+16),r11
 65c:	5b 8c 00 0c 	sw (sp+12),r12
 660:	5b 8d 00 08 	sw (sp+8),r13
 664:	5b 9d 00 04 	sw (sp+4),ra
	uint8_t valor_bit=0, i;
	valor_bit=gpio0->read & 0x01;
 668:	78 0c 00 00 	mvhi r12,0x0
 66c:	39 8c 07 24 	ori r12,r12,0x724
 670:	29 81 00 00 	lw r1,(r12+0)
 674:	34 0b 00 08 	mvi r11,8
	valor_bit=0;
 678:	34 0d 00 00 	mvi r13,0
}

uint8_t leerdatos()
{
	uint8_t valor_bit=0, i;
	valor_bit=gpio0->read & 0x01;
 67c:	28 21 00 00 	lw r1,(r1+0)
	valor_bit=0;
	for(i=0;i<8;i++)
	{
		sleep4us();
 680:	fb ff ff e9 	calli 624 <sleep4us>
		valor_bit=valor_bit<<1;
		valor_bit=valor_bit + (gpio0->read & 0x01);
 684:	29 81 00 00 	lw r1,(r12+0)
	valor_bit=gpio0->read & 0x01;
	valor_bit=0;
	for(i=0;i<8;i++)
	{
		sleep4us();
		valor_bit=valor_bit<<1;
 688:	3d ad 00 01 	sli r13,r13,1
		valor_bit=valor_bit + (gpio0->read & 0x01);
 68c:	35 6b ff ff 	addi r11,r11,-1
 690:	28 21 00 00 	lw r1,(r1+0)
 694:	21 6b 00 ff 	andi r11,r11,0xff
 698:	20 21 00 01 	andi r1,r1,0x1
 69c:	b5 a1 68 00 	add r13,r13,r1
 6a0:	21 ad 00 ff 	andi r13,r13,0xff
uint8_t leerdatos()
{
	uint8_t valor_bit=0, i;
	valor_bit=gpio0->read & 0x01;
	valor_bit=0;
	for(i=0;i<8;i++)
 6a4:	5d 60 ff f7 	bne r11,r0,680 <leerdatos+0x2c>
	{
		sleep4us();
		valor_bit=valor_bit<<1;
		valor_bit=valor_bit + (gpio0->read & 0x01);
	}
	sleep4us();
 6a8:	fb ff ff df 	calli 624 <sleep4us>
	return valor_bit;
}
 6ac:	b9 a0 08 00 	mv r1,r13
 6b0:	2b 9d 00 04 	lw ra,(sp+4)
 6b4:	2b 8b 00 10 	lw r11,(sp+16)
 6b8:	2b 8c 00 0c 	lw r12,(sp+12)
 6bc:	2b 8d 00 08 	lw r13,(sp+8)
 6c0:	37 9c 00 10 	addi sp,sp,16
 6c4:	c3 a0 00 00 	ret

000006c8 <valorchs>:


void valorchs(){
 6c8:	37 9c ff fc 	addi sp,sp,-4
 6cc:	5b 9d 00 04 	sw (sp+4),ra
	uart_putchar(ch1);
 6d0:	78 01 00 00 	mvhi r1,0x0
 6d4:	38 21 07 4c 	ori r1,r1,0x74c
 6d8:	40 21 00 03 	lbu r1,(r1+3)
 6dc:	fb ff ff 7f 	calli 4d8 <uart_putchar>
	uart_putchar(ch2);
 6e0:	78 01 00 00 	mvhi r1,0x0
 6e4:	38 21 07 44 	ori r1,r1,0x744
 6e8:	40 21 00 03 	lbu r1,(r1+3)
 6ec:	fb ff ff 7b 	calli 4d8 <uart_putchar>
	uart_putchar(ch3);
 6f0:	78 01 00 00 	mvhi r1,0x0
 6f4:	38 21 07 40 	ori r1,r1,0x740
 6f8:	40 21 00 03 	lbu r1,(r1+3)
 6fc:	fb ff ff 77 	calli 4d8 <uart_putchar>
	uart_putchar(13);
 700:	34 01 00 0d 	mvi r1,13
 704:	fb ff ff 75 	calli 4d8 <uart_putchar>
	uart_putchar(10);
 708:	34 01 00 0a 	mvi r1,10
 70c:	fb ff ff 73 	calli 4d8 <uart_putchar>
}
 710:	2b 9d 00 04 	lw ra,(sp+4)
 714:	37 9c 00 04 	addi sp,sp,4
 718:	c3 a0 00 00 	ret
